<?xml version="1.0" encoding="utf-8"?><testsuites name="pytest tests"><testsuite name="pytest" errors="0" failures="0" skipped="1" tests="13" time="0.599" timestamp="2026-05-30T18:39:29.601436+00:00" hostname="agent-env-d2a296fb-6bd6-42c6-94dc-d13d82e8793f"><testcase classname="backend.tests.test_pricing_freetier.TestBillingStatus" name="test_status_shape_new_user" time="0.084" /><testcase classname="backend.tests.test_pricing_freetier.TestBillingStatus" name="test_status_existing_user_free" time="0.114" /><testcase classname="backend.tests.test_pricing_freetier.TestFreeTierDataAccess" name="test_get_data_no_402" time="0.088" /><testcase classname="backend.tests.test_pricing_freetier.TestFreeTierDataAccess" name="test_crud_items_no_402" time="0.094" /><testcase classname="backend.tests.test_pricing_freetier.TestFreeTierDataAccess" name="test_tasks_subtasks_no_402" time="0.096" /><testcase classname="backend.tests.test_pricing_freetier.TestAIGate" name="test_ai_pass_gate_under_limit" time="0.083" /><testcase classname="backend.tests.test_pricing_freetier.TestAIGate" name="test_ai_402_when_limit_reached" time="0.000"><skipped type="pytest.skip" message="Cannot drive ai_gen_count via API without anthropic configured; verified by code review of /api/ai">/app/backend/tests/test_pricing_freetier.py:160: Cannot drive ai_gen_count via API without anthropic configured; verified by code review of /api/ai</skipped></testcase><testcase classname="backend.tests.test_pricing_freetier.TestCheckoutGate" name="test_checkout_503_unconfigured" time="0.002" /><testcase classname="backend.tests.test_pricing_freetier.TestCheckoutGate" name="test_checkout_503_nok" time="0.002" /><testcase classname="backend.tests.test_pricing_freetier.TestCheckoutGate" name="test_portal_503_unconfigured" time="0.002" /><testcase classname="backend.tests.test_pricing_freetier.TestAuthRequired" name="test_billing_status_requires_auth" time="0.001" /><testcase classname="backend.tests.test_pricing_freetier.TestAuthRequired" name="test_ai_requires_auth" time="0.002" /><testcase classname="backend.tests.test_pricing_freetier.TestAuthRequired" name="test_data_requires_auth" time="0.001" /></testsuite></testsuites>