<?xml version="1.0" encoding="utf-8"?><testsuites name="pytest tests"><testsuite name="pytest" errors="0" failures="0" skipped="0" tests="16" time="2.399" timestamp="2026-05-24T22:20:47.451748+00:00" hostname="agent-env-9ee47152-a25a-4139-bb35-f5e0bc6d4fcf"><testcase classname="backend.tests.test_calendar_habits.TestAuth" name="test_login_existing_user" time="0.235" /><testcase classname="backend.tests.test_calendar_habits.TestAuth" name="test_login_wrong_password" time="0.122" /><testcase classname="backend.tests.test_calendar_habits.TestAuth" name="test_register_new_user" time="0.126" /><testcase classname="backend.tests.test_calendar_habits.TestAuth" name="test_data_requires_auth" time="0.047" /><testcase classname="backend.tests.test_calendar_habits.TestDataBaseline" name="test_get_data_returns_lists_and_tasks" time="0.173" /><testcase classname="backend.tests.test_calendar_habits.TestCalendarPanel" name="test_create_calendar_event" time="0.106" /><testcase classname="backend.tests.test_calendar_habits.TestCalendarPanel" name="test_empty_content_rejected" time="0.048" /><testcase classname="backend.tests.test_calendar_habits.TestCalendarPanel" name="test_update_calendar_event" time="0.147" /><testcase classname="backend.tests.test_calendar_habits.TestCalendarPanel" name="test_delete_calendar_event" time="0.167" /><testcase classname="backend.tests.test_calendar_habits.TestCalendarPanel" name="test_reset_calendar_list" time="0.195" /><testcase classname="backend.tests.test_calendar_habits.TestHabitsPanel" name="test_create_habit" time="0.097" /><testcase classname="backend.tests.test_calendar_habits.TestHabitsPanel" name="test_toggle_completion_persists" time="0.150" /><testcase classname="backend.tests.test_calendar_habits.TestHabitsPanel" name="test_delete_habit" time="0.148" /><testcase classname="backend.tests.test_calendar_habits.TestHabitsPanel" name="test_reset_habits_list" time="0.192" /><testcase classname="backend.tests.test_calendar_habits.TestIsolation" name="test_cannot_modify_other_users_item" time="0.262" /><testcase classname="backend.tests.test_calendar_habits.TestPersistence" name="test_calendar_and_habits_persist_across_requests" time="0.144" /></testsuite></testsuites>